# JRE version: OpenJDK Runtime Environment (8.0_302-b08) (build 1.8.0_302-b08)
# Java VM: OpenJDK 64-Bit Server VM (25.302-b08 mixed mode windows-amd64 compressed oops)
Heap:
 PSYoungGen      total 138752K, used 27311K [0x00000000f5580000, 0x00000000ffe80000, 0x0000000100000000)
  eden space 106496K, 18% used [0x00000000f5580000,0x00000000f689bc08,0x00000000fbd80000)
  from space 32256K, 24% used [0x00000000fbd80000,0x00000000fc510000,0x00000000fdd00000)
  to   space 31232K, 0% used [0x00000000fe000000,0x00000000fe000000,0x00000000ffe80000)
 ParOldGen       total 205824K, used 162150K [0x00000000e0000000, 0x00000000ec900000, 0x00000000f5580000)
  object space 205824K, 78% used [0x00000000e0000000,0x00000000e9e598e8,0x00000000ec900000)
 Metaspace       used 84621K, capacity 90322K, committed 90496K, reserved 1126400K
  class space    used 11735K, capacity 12890K, committed 12928K, reserved 1048576K
GC Heap History (10 events):
Event: 161.344 GC heap before
{Heap before GC invocations=24 (full 3):
 PSYoungGen      total 136704K, used 108256K [0x00000000f5580000, 0x00000000fff00000, 0x0000000100000000)
  eden space 100864K, 100% used [0x00000000f5580000,0x00000000fb800000,0x00000000fb800000)
  from space 35840K, 20% used [0x00000000fdc00000,0x00000000fe3380a0,0x00000000fff00000)
  to   space 36352K, 0% used [0x00000000fb800000,0x00000000fb800000,0x00000000fdb80000)
 ParOldGen       total 205824K, used 133741K [0x00000000e0000000, 0x00000000ec900000, 0x00000000f5580000)
  object space 205824K, 64% used [0x00000000e0000000,0x00000000e829b768,0x00000000ec900000)
 Metaspace       used 84445K, capacity 90068K, committed 90240K, reserved 1126400K
  class space    used 11707K, capacity 12853K, committed 12928K, reserved 1048576K
Event: 161.422 GC heap after
Heap after GC invocations=24 (full 3):
 PSYoungGen      total 137216K, used 7104K [0x00000000f5580000, 0x00000000fff80000, 0x0000000100000000)
  eden space 100864K, 0% used [0x00000000f5580000,0x00000000f5580000,0x00000000fb800000)
  from space 36352K, 19% used [0x00000000fb800000,0x00000000fbef00c0,0x00000000fdb80000)
  to   space 35840K, 0% used [0x00000000fdc80000,0x00000000fdc80000,0x00000000fff80000)
 ParOldGen       total 205824K, used 138925K [0x00000000e0000000, 0x00000000ec900000, 0x00000000f5580000)
  object space 205824K, 67% used [0x00000000e0000000,0x00000000e87ab768,0x00000000ec900000)
 Metaspace       used 84445K, capacity 90068K, committed 90240K, reserved 1126400K
  class space    used 11707K, capacity 12853K, committed 12928K, reserved 1048576K
}
Event: 162.607 GC heap before
{Heap before GC invocations=25 (full 3):
 PSYoungGen      total 137216K, used 107968K [0x00000000f5580000, 0x00000000fff80000, 0x0000000100000000)
  eden space 100864K, 100% used [0x00000000f5580000,0x00000000fb800000,0x00000000fb800000)
  from space 36352K, 19% used [0x00000000fb800000,0x00000000fbef00c0,0x00000000fdb80000)
  to   space 35840K, 0% used [0x00000000fdc80000,0x00000000fdc80000,0x00000000fff80000)
 ParOldGen       total 205824K, used 138925K [0x00000000e0000000, 0x00000000ec900000, 0x00000000f5580000)
  object space 205824K, 67% used [0x00000000e0000000,0x00000000e87ab768,0x00000000ec900000)
 Metaspace       used 84446K, capacity 90068K, committed 90240K, reserved 1126400K
  class space    used 11707K, capacity 12853K, committed 12928K, reserved 1048576K
Event: 162.635 GC heap after
Heap after GC invocations=25 (full 3):
 PSYoungGen      total 136192K, used 6784K [0x00000000f5580000, 0x00000000ffd80000, 0x0000000100000000)
  eden space 102400K, 0% used [0x00000000f5580000,0x00000000f5580000,0x00000000fb980000)
  from space 33792K, 20% used [0x00000000fdc80000,0x00000000fe320000,0x00000000ffd80000)
  to   space 34816K, 0% used [0x00000000fb980000,0x00000000fb980000,0x00000000fdb80000)
 ParOldGen       total 205824K, used 144174K [0x00000000e0000000, 0x00000000ec900000, 0x00000000f5580000)
  object space 205824K, 70% used [0x00000000e0000000,0x00000000e8ccb828,0x00000000ec900000)
 Metaspace       used 84446K, capacity 90068K, committed 90240K, reserved 1126400K
  class space    used 11707K, capacity 12853K, committed 12928K, reserved 1048576K
}
Event: 163.610 GC heap before
{Heap before GC invocations=26 (full 3):
 PSYoungGen      total 136192K, used 109184K [0x00000000f5580000, 0x00000000ffd80000, 0x0000000100000000)
  eden space 102400K, 100% used [0x00000000f5580000,0x00000000fb980000,0x00000000fb980000)
  from space 33792K, 20% used [0x00000000fdc80000,0x00000000fe320000,0x00000000ffd80000)
  to   space 34816K, 0% used [0x00000000fb980000,0x00000000fb980000,0x00000000fdb80000)
 ParOldGen       total 205824K, used 144174K [0x00000000e0000000, 0x00000000ec900000, 0x00000000f5580000)
  object space 205824K, 70% used [0x00000000e0000000,0x00000000e8ccb828,0x00000000ec900000)
 Metaspace       used 84447K, capacity 90068K, committed 90240K, reserved 1126400K
  class space    used 11707K, capacity 12853K, committed 12928K, reserved 1048576K
Event: 163.636 GC heap after
Heap after GC invocations=26 (full 3):
 PSYoungGen      total 137216K, used 8960K [0x00000000f5580000, 0x00000000ffe00000, 0x0000000100000000)
  eden space 102400K, 0% used [0x00000000f5580000,0x00000000f5580000,0x00000000fb980000)
  from space 34816K, 25% used [0x00000000fb980000,0x00000000fc2400c0,0x00000000fdb80000)
  to   space 33280K, 0% used [0x00000000fdd80000,0x00000000fdd80000,0x00000000ffe00000)
 ParOldGen       total 205824K, used 149054K [0x00000000e0000000, 0x00000000ec900000, 0x00000000f5580000)
  object space 205824K, 72% used [0x00000000e0000000,0x00000000e918f828,0x00000000ec900000)
 Metaspace       used 84447K, capacity 90068K, committed 90240K, reserved 1126400K
  class space    used 11707K, capacity 12853K, committed 12928K, reserved 1048576K
}
Event: 164.761 GC heap before
{Heap before GC invocations=27 (full 3):
 PSYoungGen      total 137216K, used 111360K [0x00000000f5580000, 0x00000000ffe00000, 0x0000000100000000)
  eden space 102400K, 100% used [0x00000000f5580000,0x00000000fb980000,0x00000000fb980000)
  from space 34816K, 25% used [0x00000000fb980000,0x00000000fc2400c0,0x00000000fdb80000)
  to   space 33280K, 0% used [0x00000000fdd80000,0x00000000fdd80000,0x00000000ffe00000)
 ParOldGen       total 205824K, used 149054K [0x00000000e0000000, 0x00000000ec900000, 0x00000000f5580000)
  object space 205824K, 72% used [0x00000000e0000000,0x00000000e918f828,0x00000000ec900000)
 Metaspace       used 84447K, capacity 90068K, committed 90240K, reserved 1126400K
  class space    used 11707K, capacity 12853K, committed 12928K, reserved 1048576K
Event: 164.794 GC heap after
Heap after GC invocations=27 (full 3):
 PSYoungGen      total 138240K, used 7904K [0x00000000f5580000, 0x00000000ffc80000, 0x0000000100000000)
  eden space 106496K, 0% used [0x00000000f5580000,0x00000000f5580000,0x00000000fbd80000)
  from space 31744K, 24% used [0x00000000fdd80000,0x00000000fe538000,0x00000000ffc80000)
  to   space 32256K, 0% used [0x00000000fbd80000,0x00000000fbd80000,0x00000000fdd00000)
 ParOldGen       total 205824K, used 156134K [0x00000000e0000000, 0x00000000ec900000, 0x00000000f5580000)
  object space 205824K, 75% used [0x00000000e0000000,0x00000000e98798e8,0x00000000ec900000)
 Metaspace       used 84447K, capacity 90068K, committed 90240K, reserved 1126400K
  class space    used 11707K, capacity 12853K, committed 12928K, reserved 1048576K
}
Event: 165.847 GC heap before
{Heap before GC invocations=28 (full 3):
 PSYoungGen      total 138240K, used 114400K [0x00000000f5580000, 0x00000000ffc80000, 0x0000000100000000)
  eden space 106496K, 100% used [0x00000000f5580000,0x00000000fbd80000,0x00000000fbd80000)
  from space 31744K, 24% used [0x00000000fdd80000,0x00000000fe538000,0x00000000ffc80000)
  to   space 32256K, 0% used [0x00000000fbd80000,0x00000000fbd80000,0x00000000fdd00000)
 ParOldGen       total 205824K, used 156134K [0x00000000e0000000, 0x00000000ec900000, 0x00000000f5580000)
  object space 205824K, 75% used [0x00000000e0000000,0x00000000e98798e8,0x00000000ec900000)
 Metaspace       used 84448K, capacity 90068K, committed 90240K, reserved 1126400K
  class space    used 11707K, capacity 12853K, committed 12928K, reserved 1048576K
Event: 165.871 GC heap after
Heap after GC invocations=28 (full 3):
 PSYoungGen      total 138752K, used 7744K [0x00000000f5580000, 0x00000000ffe80000, 0x0000000100000000)
  eden space 106496K, 0% used [0x00000000f5580000,0x00000000f5580000,0x00000000fbd80000)
  from space 32256K, 24% used [0x00000000fbd80000,0x00000000fc510000,0x00000000fdd00000)
  to   space 31232K, 0% used [0x00000000fe000000,0x00000000fe000000,0x00000000ffe80000)
 ParOldGen       total 205824K, used 162150K [0x00000000e0000000, 0x00000000ec900000, 0x00000000f5580000)
  object space 205824K, 78% used [0x00000000e0000000,0x00000000e9e598e8,0x00000000ec900000)
 Metaspace       used 84448K, capacity 90068K, committed 90240K, reserved 1126400K
  class space    used 11707K, capacity 12853K, committed 12928K, reserved 1048576K
}

